#-----------------------------------------------------------
# Vivado v2020.2 (64-bit)
# SW Build 3064766 on Wed Nov 18 09:12:45 MST 2020
# IP Build 3064653 on Wed Nov 18 14:17:31 MST 2020
# Start of session at: Sat Mar 25 16:34:45 2023
# Process ID: 5288
# Current directory: C:/Users/alija/AppData/Roaming/Xilinx/Vivado
# Command line: vivado.exe -gui_launcher_event rodinguilauncherevent3792
# Log file: C:/Users/alija/AppData/Roaming/Xilinx/Vivado/vivado.log
# Journal file: C:/Users/alija/AppData/Roaming/Xilinx/Vivado\vivado.jou
#-----------------------------------------------------------
start_gui
open_project {C:/Users/alija/Downloads/MS Electronics/Second Semester/Digital Electronic System Design/Labs/Lab 1/KittCarPWM/KittCarPWM.xpr}
INFO: [ProjectBase 1-489] The host OS only allows 260 characters in a normal path. The project is stored in a path with more than 80 characters. If you experience issues with IP, Block Designs, or files not being found, please consider moving the project to a location with a shorter path. Alternately consider using the OS subst command to map part of the path to a drive letter.
Current project path is 'C:/Users/alija/Downloads/MS Electronics/Second Semester/Digital Electronic System Design/Labs/Lab 1/KittCarPWM'
WARNING: [filemgmt 56-3] Default IP Output Path : Could not find the directory 'C:/Users/alija/Downloads/MS Electronics/Second Semester/Digital Electronic System Design/Labs/Lab 1/KittCarPWM/KittCarPWM.gen/sources_1'.
Scanning sources...
Finished scanning sources
INFO: [IP_Flow 19-234] Refreshing IP repositories
INFO: [IP_Flow 19-1704] No user IP repositories specified
INFO: [IP_Flow 19-2313] Loaded Vivado IP repository 'C:/Xilinx/Vivado/2020.2/data/ip'.
open_project: Time (s): cpu = 00:00:22 ; elapsed = 00:00:10 . Memory (MB): peak = 1014.996 ; gain = 0.000
update_compile_order -fileset sources_1
reset_run synth_1
launch_runs impl_1 -to_step write_bitstream -jobs 4
[Sat Mar 25 16:36:35 2023] Launched synth_1...
Run output will be captured here: C:/Users/alija/Downloads/MS Electronics/Second Semester/Digital Electronic System Design/Labs/Lab 1/KittCarPWM/KittCarPWM.runs/synth_1/runme.log
[Sat Mar 25 16:36:35 2023] Launched impl_1...
Run output will be captured here: C:/Users/alija/Downloads/MS Electronics/Second Semester/Digital Electronic System Design/Labs/Lab 1/KittCarPWM/KittCarPWM.runs/impl_1/runme.log
open_hw_manager
INFO: [Labtools 27-2285] Connecting to hw_server url TCP:localhost:3121
INFO: [Labtools 27-2222] Launching hw_server...
INFO: [Labtools 27-2221] Launch Output:

****** Xilinx hw_server v2020.2
  **** Build date : Nov 18 2020 at 10:01:48
    ** Copyright 1986-2020 Xilinx, Inc. All Rights Reserved.

Warning: Cannot create '3000:arm' GDB server: An attempt was made to access a socket in a way forbidden by its access permissions

INFO: [Labtools 27-3415] Connecting to cs_server url TCP:localhost:3042
INFO: [Labtools 27-3417] Launching cs_server...
INFO: [Labtools 27-2221] Launch Output:


******** Xilinx cs_server v2020.2
  ****** Build date   : Nov 03 2020-22:02:56
    **** Build number : 2020.2.1604437376
      ** Copyright 2017-2020 Xilinx, Inc. All Rights Reserved.



connect_hw_server: Time (s): cpu = 00:00:00 ; elapsed = 00:00:11 . Memory (MB): peak = 1014.996 ; gain = 0.000
disconnect_hw_server: Time (s): cpu = 00:00:07 ; elapsed = 00:00:06 . Memory (MB): peak = 2425.273 ; gain = 1410.277
connect_hw_server -url localhost:3121 -allow_non_jtag
INFO: [Labtools 27-2285] Connecting to hw_server url TCP:localhost:3121
INFO: [Labtools 27-3415] Connecting to cs_server url TCP:localhost:3042
INFO: [Labtools 27-3414] Connected to existing cs_server.
current_hw_target [get_hw_targets */xilinx_tcf/Digilent/210183B5A6F6A]
set_property PARAM.FREQUENCY 15000000 [get_hw_targets */xilinx_tcf/Digilent/210183B5A6F6A]
open_hw_target
INFO: [Labtoolstcl 44-466] Opening hw_target localhost:3121/xilinx_tcf/Digilent/210183B5A6F6A
set_property PROGRAM.FILE {C:/Users/alija/Downloads/MS Electronics/Second Semester/Digital Electronic System Design/Labs/Lab 1/KittCarPWM/KittCarPWM.runs/impl_1/KittCarPWM.bit} [get_hw_devices xc7a35t_0]
current_hw_device [get_hw_devices xc7a35t_0]
refresh_hw_device -update_hw_probes false [lindex [get_hw_devices xc7a35t_0] 0]
INFO: [Labtools 27-1435] Device xc7a35t (JTAG device index = 0) is not programmed (DONE status = 0).
set_property PROBES.FILE {} [get_hw_devices xc7a35t_0]
set_property FULL_PROBES.FILE {} [get_hw_devices xc7a35t_0]
set_property PROGRAM.FILE {C:/Users/alija/Downloads/MS Electronics/Second Semester/Digital Electronic System Design/Labs/Lab 1/KittCarPWM/KittCarPWM.runs/impl_1/KittCarPWM.bit} [get_hw_devices xc7a35t_0]
program_hw_devices [get_hw_devices xc7a35t_0]
INFO: [Labtools 27-3164] End of startup status: HIGH
refresh_hw_device [lindex [get_hw_devices xc7a35t_0] 0]
INFO: [Labtools 27-1434] Device xc7a35t (JTAG device index = 0) is programmed with a design that has no supported debug core(s) in it.
ERROR: [Labtoolstcl 44-513] HW Target shutdown. Closing target: localhost:3121/xilinx_tcf/Digilent/210183B5A6F6A
archive_project {C:/Users/alija/Downloads/MS Electronics/Second Semester/Digital Electronic System Design/Labs/Lab 1/KittCarPWM.xpr.zip} -temp_dir C:/Users/alija/AppData/Roaming/Xilinx/Vivado/.Xil/Vivado-5288-DESKTOP-AVPI1T7 -force -include_local_ip_cache -include_config_settings
INFO: [Coretcl 2-137] starting archive...
INFO: [Coretcl 2-1499] Saving project copy to temporary location 'C:/Users/alija/AppData/Roaming/Xilinx/Vivado/.Xil/Vivado-5288-DESKTOP-AVPI1T7' for archiving project
INFO: [ProjectBase 1-489] The host OS only allows 260 characters in a normal path. The project is stored in a path with more than 80 characters. If you experience issues with IP, Block Designs, or files not being found, please consider moving the project to a location with a shorter path. Alternately consider using the OS subst command to map part of the path to a drive letter.
Current project path is 'C:/Users/alija/Downloads/MS Electronics/Second Semester/Digital Electronic System Design/Labs/Lab 1/KittCarPWM'
WARNING: [filemgmt 56-3] Default IP Output Path : Could not find the directory 'C:/Users/alija/Downloads/MS Electronics/Second Semester/Digital Electronic System Design/Labs/Lab 1/KittCarPWM/KittCarPWM.gen/sources_1'.
Scanning sources...
Finished scanning sources
INFO: [Coretcl 2-1211] Creating project copy for archival...
INFO: [ProjectBase 1-495] The host OS only allows 260 characters in a normal path. The project is stored in a path with more than 80 characters. If you experience any problem with archiving the project, please consider setting environment variable $TEMP to a shorter path.
Current project path is 'C:/Users/alija/AppData/Roaming/Xilinx/Vivado/.Xil/Vivado-5288-DESKTOP-AVPI1T7/PrjAr/_X_'.
INFO: [Coretcl 2-1213] Including run results for 'synth_1'
INFO: [Coretcl 2-1213] Including run results for 'impl_1'
