Copyright 1986-2020 Xilinx, Inc. All Rights Reserved.
---------------------------------------------------------------------------------------------------------------------------------------------------------------
| Tool Version : Vivado v.2020.2 (win64) Build 3064766 Wed Nov 18 09:12:45 MST 2020
| Date         : Sat May 20 20:50:30 2023
| Host         : DESKTOP-AVPI1T7 running 64-bit major release  (build 9200)
| Command      : report_bus_skew -warn_on_violation -file BD_wrapper_bus_skew_routed.rpt -pb BD_wrapper_bus_skew_routed.pb -rpx BD_wrapper_bus_skew_routed.rpx
| Design       : BD_wrapper
| Device       : 7a35t-cpg236
| Speed File   : -1  PRODUCTION 1.23 2018-06-13
---------------------------------------------------------------------------------------------------------------------------------------------------------------

Bus Skew Report

Table of Contents
-----------------
1. Bus Skew Report Summary
2. Bus Skew Report Per Constraint

1. Bus Skew Report Summary
--------------------------

Id  Position  From                            To                              Corner  Requirement(ns)  Actual(ns)  Slack(ns)
--  --------  ------------------------------  ------------------------------  ------  ---------------  ----------  ---------
1   6         [get_cells [list {BD_i/axis_dual_i2s_0/inst/tx_fifo/xpm_fifo_base_inst/gen_cdc_pntr.rd_pntr_cdc_inst/src_gray_ff_reg[0]} {BD_i/axis_dual_i2s_0/inst/tx_fifo/xpm_fifo_base_inst/gen_cdc_pntr.rd_pntr_cdc_inst/src_gray_ff_reg[1]} {BD_i/axis_dual_i2s_0/inst/tx_fifo/xpm_fifo_base_inst/gen_cdc_pntr.rd_pntr_cdc_inst/src_gray_ff_reg[2]} {BD_i/axis_dual_i2s_0/inst/tx_fifo/xpm_fifo_base_inst/gen_cdc_pntr.rd_pntr_cdc_inst/src_gray_ff_reg[3]} {BD_i/axis_dual_i2s_0/inst/tx_fifo/xpm_fifo_base_inst/gen_cdc_pntr.rd_pntr_cdc_inst/src_gray_ff_reg[4]} {BD_i/axis_dual_i2s_0/inst/tx_fifo/xpm_fifo_base_inst/gen_cdc_pntr.rd_pntr_cdc_inst/src_gray_ff_reg[5]} {BD_i/axis_dual_i2s_0/inst/tx_fifo/xpm_fifo_base_inst/gen_cdc_pntr.rd_pntr_cdc_inst/src_gray_ff_reg[6]} {BD_i/axis_dual_i2s_0/inst/tx_fifo/xpm_fifo_base_inst/gen_cdc_pntr.rd_pntr_cdc_inst/src_gray_ff_reg[7]} {BD_i/axis_dual_i2s_0/inst/tx_fifo/xpm_fifo_base_inst/gen_cdc_pntr.rd_pntr_cdc_inst/src_gray_ff_reg[8]} {BD_i/axis_dual_i2s_0/inst/tx_fifo/xpm_fifo_base_inst/gen_cdc_pntr.rd_pntr_cdc_inst/src_gray_ff_reg[9]}]]
                                              [get_cells [list {BD_i/axis_dual_i2s_0/inst/tx_fifo/xpm_fifo_base_inst/gen_cdc_pntr.rd_pntr_cdc_inst/dest_graysync_ff_reg[0][0]} {BD_i/axis_dual_i2s_0/inst/tx_fifo/xpm_fifo_base_inst/gen_cdc_pntr.rd_pntr_cdc_inst/dest_graysync_ff_reg[0][1]} {BD_i/axis_dual_i2s_0/inst/tx_fifo/xpm_fifo_base_inst/gen_cdc_pntr.rd_pntr_cdc_inst/dest_graysync_ff_reg[0][2]} {BD_i/axis_dual_i2s_0/inst/tx_fifo/xpm_fifo_base_inst/gen_cdc_pntr.rd_pntr_cdc_inst/dest_graysync_ff_reg[0][3]} {BD_i/axis_dual_i2s_0/inst/tx_fifo/xpm_fifo_base_inst/gen_cdc_pntr.rd_pntr_cdc_inst/dest_graysync_ff_reg[0][4]} {BD_i/axis_dual_i2s_0/inst/tx_fifo/xpm_fifo_base_inst/gen_cdc_pntr.rd_pntr_cdc_inst/dest_graysync_ff_reg[0][5]} {BD_i/axis_dual_i2s_0/inst/tx_fifo/xpm_fifo_base_inst/gen_cdc_pntr.rd_pntr_cdc_inst/dest_graysync_ff_reg[0][6]} {BD_i/axis_dual_i2s_0/inst/tx_fifo/xpm_fifo_base_inst/gen_cdc_pntr.rd_pntr_cdc_inst/dest_graysync_ff_reg[0][7]} {BD_i/axis_dual_i2s_0/inst/tx_fifo/xpm_fifo_base_inst/gen_cdc_pntr.rd_pntr_cdc_inst/dest_graysync_ff_reg[0][8]} {BD_i/axis_dual_i2s_0/inst/tx_fifo/xpm_fifo_base_inst/gen_cdc_pntr.rd_pntr_cdc_inst/dest_graysync_ff_reg[0][9]}]]
                                                                              Slow              5.000       1.083      3.917
2   8         [get_cells [list {BD_i/axis_dual_i2s_0/inst/rx_fifo/xpm_fifo_base_inst/gen_cdc_pntr.wr_pntr_cdc_inst/src_gray_ff_reg[0]} {BD_i/axis_dual_i2s_0/inst/rx_fifo/xpm_fifo_base_inst/gen_cdc_pntr.wr_pntr_cdc_inst/src_gray_ff_reg[1]} {BD_i/axis_dual_i2s_0/inst/rx_fifo/xpm_fifo_base_inst/gen_cdc_pntr.wr_pntr_cdc_inst/src_gray_ff_reg[2]} {BD_i/axis_dual_i2s_0/inst/rx_fifo/xpm_fifo_base_inst/gen_cdc_pntr.wr_pntr_cdc_inst/src_gray_ff_reg[3]} {BD_i/axis_dual_i2s_0/inst/rx_fifo/xpm_fifo_base_inst/gen_cdc_pntr.wr_pntr_cdc_inst/src_gray_ff_reg[4]} {BD_i/axis_dual_i2s_0/inst/rx_fifo/xpm_fifo_base_inst/gen_cdc_pntr.wr_pntr_cdc_inst/src_gray_ff_reg[5]} {BD_i/axis_dual_i2s_0/inst/rx_fifo/xpm_fifo_base_inst/gen_cdc_pntr.wr_pntr_cdc_inst/src_gray_ff_reg[6]} {BD_i/axis_dual_i2s_0/inst/rx_fifo/xpm_fifo_base_inst/gen_cdc_pntr.wr_pntr_cdc_inst/src_gray_ff_reg[7]} {BD_i/axis_dual_i2s_0/inst/rx_fifo/xpm_fifo_base_inst/gen_cdc_pntr.wr_pntr_cdc_inst/src_gray_ff_reg[8]} {BD_i/axis_dual_i2s_0/inst/rx_fifo/xpm_fifo_base_inst/gen_cdc_pntr.wr_pntr_cdc_inst/src_gray_ff_reg[9]}]]
                                              [get_cells [list {BD_i/axis_dual_i2s_0/inst/rx_fifo/xpm_fifo_base_inst/gen_cdc_pntr.wr_pntr_cdc_inst/dest_graysync_ff_reg[0][0]} {BD_i/axis_dual_i2s_0/inst/rx_fifo/xpm_fifo_base_inst/gen_cdc_pntr.wr_pntr_cdc_inst/dest_graysync_ff_reg[0][1]} {BD_i/axis_dual_i2s_0/inst/rx_fifo/xpm_fifo_base_inst/gen_cdc_pntr.wr_pntr_cdc_inst/dest_graysync_ff_reg[0][2]} {BD_i/axis_dual_i2s_0/inst/rx_fifo/xpm_fifo_base_inst/gen_cdc_pntr.wr_pntr_cdc_inst/dest_graysync_ff_reg[0][3]} {BD_i/axis_dual_i2s_0/inst/rx_fifo/xpm_fifo_base_inst/gen_cdc_pntr.wr_pntr_cdc_inst/dest_graysync_ff_reg[0][4]} {BD_i/axis_dual_i2s_0/inst/rx_fifo/xpm_fifo_base_inst/gen_cdc_pntr.wr_pntr_cdc_inst/dest_graysync_ff_reg[0][5]} {BD_i/axis_dual_i2s_0/inst/rx_fifo/xpm_fifo_base_inst/gen_cdc_pntr.wr_pntr_cdc_inst/dest_graysync_ff_reg[0][6]} {BD_i/axis_dual_i2s_0/inst/rx_fifo/xpm_fifo_base_inst/gen_cdc_pntr.wr_pntr_cdc_inst/dest_graysync_ff_reg[0][7]} {BD_i/axis_dual_i2s_0/inst/rx_fifo/xpm_fifo_base_inst/gen_cdc_pntr.wr_pntr_cdc_inst/dest_graysync_ff_reg[0][8]} {BD_i/axis_dual_i2s_0/inst/rx_fifo/xpm_fifo_base_inst/gen_cdc_pntr.wr_pntr_cdc_inst/dest_graysync_ff_reg[0][9]}]]
                                                                              Slow              5.000       1.347      3.653
3   10        [get_cells [list {BD_i/axis_dual_i2s_0/inst/rx_fifo/xpm_fifo_base_inst/gen_cdc_pntr.rd_pntr_cdc_inst/src_gray_ff_reg[0]} {BD_i/axis_dual_i2s_0/inst/rx_fifo/xpm_fifo_base_inst/gen_cdc_pntr.rd_pntr_cdc_inst/src_gray_ff_reg[1]} {BD_i/axis_dual_i2s_0/inst/rx_fifo/xpm_fifo_base_inst/gen_cdc_pntr.rd_pntr_cdc_inst/src_gray_ff_reg[2]} {BD_i/axis_dual_i2s_0/inst/rx_fifo/xpm_fifo_base_inst/gen_cdc_pntr.rd_pntr_cdc_inst/src_gray_ff_reg[3]} {BD_i/axis_dual_i2s_0/inst/rx_fifo/xpm_fifo_base_inst/gen_cdc_pntr.rd_pntr_cdc_inst/src_gray_ff_reg[4]} {BD_i/axis_dual_i2s_0/inst/rx_fifo/xpm_fifo_base_inst/gen_cdc_pntr.rd_pntr_cdc_inst/src_gray_ff_reg[5]} {BD_i/axis_dual_i2s_0/inst/rx_fifo/xpm_fifo_base_inst/gen_cdc_pntr.rd_pntr_cdc_inst/src_gray_ff_reg[6]} {BD_i/axis_dual_i2s_0/inst/rx_fifo/xpm_fifo_base_inst/gen_cdc_pntr.rd_pntr_cdc_inst/src_gray_ff_reg[7]} {BD_i/axis_dual_i2s_0/inst/rx_fifo/xpm_fifo_base_inst/gen_cdc_pntr.rd_pntr_cdc_inst/src_gray_ff_reg[8]} {BD_i/axis_dual_i2s_0/inst/rx_fifo/xpm_fifo_base_inst/gen_cdc_pntr.rd_pntr_cdc_inst/src_gray_ff_reg[9]}]]
                                              [get_cells [list {BD_i/axis_dual_i2s_0/inst/rx_fifo/xpm_fifo_base_inst/gen_cdc_pntr.rd_pntr_cdc_inst/dest_graysync_ff_reg[0][0]} {BD_i/axis_dual_i2s_0/inst/rx_fifo/xpm_fifo_base_inst/gen_cdc_pntr.rd_pntr_cdc_inst/dest_graysync_ff_reg[0][1]} {BD_i/axis_dual_i2s_0/inst/rx_fifo/xpm_fifo_base_inst/gen_cdc_pntr.rd_pntr_cdc_inst/dest_graysync_ff_reg[0][2]} {BD_i/axis_dual_i2s_0/inst/rx_fifo/xpm_fifo_base_inst/gen_cdc_pntr.rd_pntr_cdc_inst/dest_graysync_ff_reg[0][3]} {BD_i/axis_dual_i2s_0/inst/rx_fifo/xpm_fifo_base_inst/gen_cdc_pntr.rd_pntr_cdc_inst/dest_graysync_ff_reg[0][4]} {BD_i/axis_dual_i2s_0/inst/rx_fifo/xpm_fifo_base_inst/gen_cdc_pntr.rd_pntr_cdc_inst/dest_graysync_ff_reg[0][5]} {BD_i/axis_dual_i2s_0/inst/rx_fifo/xpm_fifo_base_inst/gen_cdc_pntr.rd_pntr_cdc_inst/dest_graysync_ff_reg[0][6]} {BD_i/axis_dual_i2s_0/inst/rx_fifo/xpm_fifo_base_inst/gen_cdc_pntr.rd_pntr_cdc_inst/dest_graysync_ff_reg[0][7]} {BD_i/axis_dual_i2s_0/inst/rx_fifo/xpm_fifo_base_inst/gen_cdc_pntr.rd_pntr_cdc_inst/dest_graysync_ff_reg[0][8]} {BD_i/axis_dual_i2s_0/inst/rx_fifo/xpm_fifo_base_inst/gen_cdc_pntr.rd_pntr_cdc_inst/dest_graysync_ff_reg[0][9]}]]
                                                                              Slow              5.000       1.005      3.995
4   12        [get_cells [list {BD_i/axis_dual_i2s_0/inst/tx_fifo/xpm_fifo_base_inst/gen_cdc_pntr.wr_pntr_cdc_inst/src_gray_ff_reg[0]} {BD_i/axis_dual_i2s_0/inst/tx_fifo/xpm_fifo_base_inst/gen_cdc_pntr.wr_pntr_cdc_inst/src_gray_ff_reg[1]} {BD_i/axis_dual_i2s_0/inst/tx_fifo/xpm_fifo_base_inst/gen_cdc_pntr.wr_pntr_cdc_inst/src_gray_ff_reg[2]} {BD_i/axis_dual_i2s_0/inst/tx_fifo/xpm_fifo_base_inst/gen_cdc_pntr.wr_pntr_cdc_inst/src_gray_ff_reg[3]} {BD_i/axis_dual_i2s_0/inst/tx_fifo/xpm_fifo_base_inst/gen_cdc_pntr.wr_pntr_cdc_inst/src_gray_ff_reg[4]} {BD_i/axis_dual_i2s_0/inst/tx_fifo/xpm_fifo_base_inst/gen_cdc_pntr.wr_pntr_cdc_inst/src_gray_ff_reg[5]} {BD_i/axis_dual_i2s_0/inst/tx_fifo/xpm_fifo_base_inst/gen_cdc_pntr.wr_pntr_cdc_inst/src_gray_ff_reg[6]} {BD_i/axis_dual_i2s_0/inst/tx_fifo/xpm_fifo_base_inst/gen_cdc_pntr.wr_pntr_cdc_inst/src_gray_ff_reg[7]} {BD_i/axis_dual_i2s_0/inst/tx_fifo/xpm_fifo_base_inst/gen_cdc_pntr.wr_pntr_cdc_inst/src_gray_ff_reg[8]} {BD_i/axis_dual_i2s_0/inst/tx_fifo/xpm_fifo_base_inst/gen_cdc_pntr.wr_pntr_cdc_inst/src_gray_ff_reg[9]}]]
                                              [get_cells [list {BD_i/axis_dual_i2s_0/inst/tx_fifo/xpm_fifo_base_inst/gen_cdc_pntr.wr_pntr_cdc_inst/dest_graysync_ff_reg[0][0]} {BD_i/axis_dual_i2s_0/inst/tx_fifo/xpm_fifo_base_inst/gen_cdc_pntr.wr_pntr_cdc_inst/dest_graysync_ff_reg[0][1]} {BD_i/axis_dual_i2s_0/inst/tx_fifo/xpm_fifo_base_inst/gen_cdc_pntr.wr_pntr_cdc_inst/dest_graysync_ff_reg[0][2]} {BD_i/axis_dual_i2s_0/inst/tx_fifo/xpm_fifo_base_inst/gen_cdc_pntr.wr_pntr_cdc_inst/dest_graysync_ff_reg[0][3]} {BD_i/axis_dual_i2s_0/inst/tx_fifo/xpm_fifo_base_inst/gen_cdc_pntr.wr_pntr_cdc_inst/dest_graysync_ff_reg[0][4]} {BD_i/axis_dual_i2s_0/inst/tx_fifo/xpm_fifo_base_inst/gen_cdc_pntr.wr_pntr_cdc_inst/dest_graysync_ff_reg[0][5]} {BD_i/axis_dual_i2s_0/inst/tx_fifo/xpm_fifo_base_inst/gen_cdc_pntr.wr_pntr_cdc_inst/dest_graysync_ff_reg[0][6]} {BD_i/axis_dual_i2s_0/inst/tx_fifo/xpm_fifo_base_inst/gen_cdc_pntr.wr_pntr_cdc_inst/dest_graysync_ff_reg[0][7]} {BD_i/axis_dual_i2s_0/inst/tx_fifo/xpm_fifo_base_inst/gen_cdc_pntr.wr_pntr_cdc_inst/dest_graysync_ff_reg[0][8]} {BD_i/axis_dual_i2s_0/inst/tx_fifo/xpm_fifo_base_inst/gen_cdc_pntr.wr_pntr_cdc_inst/dest_graysync_ff_reg[0][9]}]]
                                                                              Slow              5.000       1.206      3.794


2. Bus Skew Report Per Constraint
---------------------------------

Id: 1
set_bus_skew -from [get_cells [list {BD_i/axis_dual_i2s_0/inst/tx_fifo/xpm_fifo_base_inst/gen_cdc_pntr.rd_pntr_cdc_inst/src_gray_ff_reg[0]} {BD_i/axis_dual_i2s_0/inst/tx_fifo/xpm_fifo_base_inst/gen_cdc_pntr.rd_pntr_cdc_inst/src_gray_ff_reg[1]} {BD_i/axis_dual_i2s_0/inst/tx_fifo/xpm_fifo_base_inst/gen_cdc_pntr.rd_pntr_cdc_inst/src_gray_ff_reg[2]} {BD_i/axis_dual_i2s_0/inst/tx_fifo/xpm_fifo_base_inst/gen_cdc_pntr.rd_pntr_cdc_inst/src_gray_ff_reg[3]} {BD_i/axis_dual_i2s_0/inst/tx_fifo/xpm_fifo_base_inst/gen_cdc_pntr.rd_pntr_cdc_inst/src_gray_ff_reg[4]} {BD_i/axis_dual_i2s_0/inst/tx_fifo/xpm_fifo_base_inst/gen_cdc_pntr.rd_pntr_cdc_inst/src_gray_ff_reg[5]} {BD_i/axis_dual_i2s_0/inst/tx_fifo/xpm_fifo_base_inst/gen_cdc_pntr.rd_pntr_cdc_inst/src_gray_ff_reg[6]} {BD_i/axis_dual_i2s_0/inst/tx_fifo/xpm_fifo_base_inst/gen_cdc_pntr.rd_pntr_cdc_inst/src_gray_ff_reg[7]} {BD_i/axis_dual_i2s_0/inst/tx_fifo/xpm_fifo_base_inst/gen_cdc_pntr.rd_pntr_cdc_inst/src_gray_ff_reg[8]} {BD_i/axis_dual_i2s_0/inst/tx_fifo/xpm_fifo_base_inst/gen_cdc_pntr.rd_pntr_cdc_inst/src_gray_ff_reg[9]}]] -to [get_cells [list {BD_i/axis_dual_i2s_0/inst/tx_fifo/xpm_fifo_base_inst/gen_cdc_pntr.rd_pntr_cdc_inst/dest_graysync_ff_reg[0][0]} {BD_i/axis_dual_i2s_0/inst/tx_fifo/xpm_fifo_base_inst/gen_cdc_pntr.rd_pntr_cdc_inst/dest_graysync_ff_reg[0][1]} {BD_i/axis_dual_i2s_0/inst/tx_fifo/xpm_fifo_base_inst/gen_cdc_pntr.rd_pntr_cdc_inst/dest_graysync_ff_reg[0][2]} {BD_i/axis_dual_i2s_0/inst/tx_fifo/xpm_fifo_base_inst/gen_cdc_pntr.rd_pntr_cdc_inst/dest_graysync_ff_reg[0][3]} {BD_i/axis_dual_i2s_0/inst/tx_fifo/xpm_fifo_base_inst/gen_cdc_pntr.rd_pntr_cdc_inst/dest_graysync_ff_reg[0][4]} {BD_i/axis_dual_i2s_0/inst/tx_fifo/xpm_fifo_base_inst/gen_cdc_pntr.rd_pntr_cdc_inst/dest_graysync_ff_reg[0][5]} {BD_i/axis_dual_i2s_0/inst/tx_fifo/xpm_fifo_base_inst/gen_cdc_pntr.rd_pntr_cdc_inst/dest_graysync_ff_reg[0][6]} {BD_i/axis_dual_i2s_0/inst/tx_fifo/xpm_fifo_base_inst/gen_cdc_pntr.rd_pntr_cdc_inst/dest_graysync_ff_reg[0][7]} {BD_i/axis_dual_i2s_0/inst/tx_fifo/xpm_fifo_base_inst/gen_cdc_pntr.rd_pntr_cdc_inst/dest_graysync_ff_reg[0][8]} {BD_i/axis_dual_i2s_0/inst/tx_fifo/xpm_fifo_base_inst/gen_cdc_pntr.rd_pntr_cdc_inst/dest_graysync_ff_reg[0][9]}]] 5.000
Requirement: 5.000ns
Endpoints: 10

From Clock            To Clock              Endpoint Pin                    Reference Pin                   Corner  Actual(ns)  Slack(ns)
--------------------  --------------------  ------------------------------  ------------------------------  ------  ----------  ---------
clk_out1_BD_clk_wiz_0_0
                      clk_out2_BD_clk_wiz_0_0
                                            BD_i/axis_dual_i2s_0/inst/tx_fifo/xpm_fifo_base_inst/gen_cdc_pntr.rd_pntr_cdc_inst/dest_graysync_ff_reg[0][3]/D
                                                                            BD_i/axis_dual_i2s_0/inst/tx_fifo/xpm_fifo_base_inst/gen_cdc_pntr.rd_pntr_cdc_inst/dest_graysync_ff_reg[0][0]/D
                                                                                                            Slow         1.083      3.917


Slack (MET) :             3.917ns  (requirement - actual skew)
  Endpoint Source:        BD_i/axis_dual_i2s_0/inst/tx_fifo/xpm_fifo_base_inst/gen_cdc_pntr.rd_pntr_cdc_inst/src_gray_ff_reg[3]/C
                            (rising edge-triggered cell FDRE clocked by clk_out1_BD_clk_wiz_0_0)
  Endpoint Destination:   BD_i/axis_dual_i2s_0/inst/tx_fifo/xpm_fifo_base_inst/gen_cdc_pntr.rd_pntr_cdc_inst/dest_graysync_ff_reg[0][3]/D
                            (rising edge-triggered cell FDRE clocked by clk_out2_BD_clk_wiz_0_0)
  Reference Source:       BD_i/axis_dual_i2s_0/inst/tx_fifo/xpm_fifo_base_inst/gen_cdc_pntr.rd_pntr_cdc_inst/src_gray_ff_reg[0]/C
                            (rising edge-triggered cell FDRE clocked by clk_out1_BD_clk_wiz_0_0)
  Reference Destination:  BD_i/axis_dual_i2s_0/inst/tx_fifo/xpm_fifo_base_inst/gen_cdc_pntr.rd_pntr_cdc_inst/dest_graysync_ff_reg[0][0]/D
                            (rising edge-triggered cell FDRE clocked by clk_out2_BD_clk_wiz_0_0)
  Path Type:              Bus Skew (Max at Slow Process Corner)
  Requirement:            5.000ns
  Endpoint Relative Delay:    1.375ns
  Reference Relative Delay:   0.192ns
  Relative CRPR:              0.327ns
  Uncertainty:                0.227ns
  Actual Bus Skew:            1.083ns  (Endpoint Relative Delay - Reference Relative Delay - Relative CRPR + Uncertainty)

Endpoint path:
    Location             Delay type                Incr(ns)  Path(ns)    Netlist Resource(s)
  -------------------------------------------------------------------    -------------------
                         (clock clk_out1_BD_clk_wiz_0_0 rise edge)
                                                      0.000     0.000 r  
    W5                                                0.000     0.000 r  sys_clock (IN)
                         net (fo=0)                   0.000     0.000    BD_i/clk_wiz_0/inst/clk_in1
    W5                   IBUF (Prop_ibuf_I_O)         1.458     1.458 r  BD_i/clk_wiz_0/inst/clkin1_ibufg/O
                         net (fo=1, routed)           1.233     2.691    BD_i/clk_wiz_0/inst/clk_in1_BD_clk_wiz_0_0
    MMCME2_ADV_X1Y0      MMCME2_ADV (Prop_mmcme2_adv_CLKIN1_CLKOUT0)
                                                     -6.961    -4.269 r  BD_i/clk_wiz_0/inst/mmcm_adv_inst/CLKOUT0
                         net (fo=1, routed)           1.661    -2.608    BD_i/clk_wiz_0/inst/clk_out1_BD_clk_wiz_0_0
    BUFGCTRL_X0Y1        BUFG (Prop_bufg_I_O)         0.096    -2.512 r  BD_i/clk_wiz_0/inst/clkout1_buf/O
                         net (fo=551, routed)         1.553    -0.959    BD_i/axis_dual_i2s_0/inst/tx_fifo/xpm_fifo_base_inst/gen_cdc_pntr.rd_pntr_cdc_inst/src_clk
    SLICE_X10Y87         FDRE                                         r  BD_i/axis_dual_i2s_0/inst/tx_fifo/xpm_fifo_base_inst/gen_cdc_pntr.rd_pntr_cdc_inst/src_gray_ff_reg[3]/C
  -------------------------------------------------------------------    -------------------
    SLICE_X10Y87         FDRE (Prop_fdre_C_Q)         0.478    -0.481 r  BD_i/axis_dual_i2s_0/inst/tx_fifo/xpm_fifo_base_inst/gen_cdc_pntr.rd_pntr_cdc_inst/src_gray_ff_reg[3]/Q
                         net (fo=1, routed)           0.545     0.065    BD_i/axis_dual_i2s_0/inst/tx_fifo/xpm_fifo_base_inst/gen_cdc_pntr.rd_pntr_cdc_inst/async_path[3]
    SLICE_X6Y87          FDRE                                         r  BD_i/axis_dual_i2s_0/inst/tx_fifo/xpm_fifo_base_inst/gen_cdc_pntr.rd_pntr_cdc_inst/dest_graysync_ff_reg[0][3]/D
  -------------------------------------------------------------------    -------------------

                         (clock clk_out2_BD_clk_wiz_0_0 rise edge)
                                                      0.000     0.000 r  
    W5                                                0.000     0.000 r  sys_clock (IN)
                         net (fo=0)                   0.000     0.000    BD_i/clk_wiz_0/inst/clk_in1
    W5                   IBUF (Prop_ibuf_I_O)         1.388     1.388 r  BD_i/clk_wiz_0/inst/clkin1_ibufg/O
                         net (fo=1, routed)           1.162     2.550    BD_i/clk_wiz_0/inst/clk_in1_BD_clk_wiz_0_0
    MMCME2_ADV_X1Y0      MMCME2_ADV (Prop_mmcme2_adv_CLKIN1_CLKOUT1)
                                                     -7.217    -4.668 r  BD_i/clk_wiz_0/inst/mmcm_adv_inst/CLKOUT1
                         net (fo=1, routed)           1.581    -3.086    BD_i/clk_wiz_0/inst/clk_out2_BD_clk_wiz_0_0
    BUFGCTRL_X0Y0        BUFG (Prop_bufg_I_O)         0.091    -2.995 r  BD_i/clk_wiz_0/inst/clkout2_buf/O
                         net (fo=404, routed)         1.503    -1.493    BD_i/axis_dual_i2s_0/inst/tx_fifo/xpm_fifo_base_inst/gen_cdc_pntr.rd_pntr_cdc_inst/dest_clk
    SLICE_X6Y87          FDRE                                         r  BD_i/axis_dual_i2s_0/inst/tx_fifo/xpm_fifo_base_inst/gen_cdc_pntr.rd_pntr_cdc_inst/dest_graysync_ff_reg[0][3]/C
                         clock pessimism              0.398    -1.095    
    SLICE_X6Y87          FDRE (Setup_fdre_C_D)       -0.216    -1.311    BD_i/axis_dual_i2s_0/inst/tx_fifo/xpm_fifo_base_inst/gen_cdc_pntr.rd_pntr_cdc_inst/dest_graysync_ff_reg[0][3]
  -------------------------------------------------------------------
                         data arrival                           0.065    
                         clock arrival                         -1.311    
  -------------------------------------------------------------------
                         relative delay                         1.375    

Reference path:
    Location             Delay type                Incr(ns)  Path(ns)    Netlist Resource(s)
  -------------------------------------------------------------------    -------------------
                         (clock clk_out1_BD_clk_wiz_0_0 rise edge)
                                                      0.000     0.000 r  
    W5                                                0.000     0.000 r  sys_clock (IN)
                         net (fo=0)                   0.000     0.000    BD_i/clk_wiz_0/inst/clk_in1
    W5                   IBUF (Prop_ibuf_I_O)         1.388     1.388 r  BD_i/clk_wiz_0/inst/clkin1_ibufg/O
                         net (fo=1, routed)           1.162     2.550    BD_i/clk_wiz_0/inst/clk_in1_BD_clk_wiz_0_0
    MMCME2_ADV_X1Y0      MMCME2_ADV (Prop_mmcme2_adv_CLKIN1_CLKOUT0)
                                                     -7.217    -4.668 r  BD_i/clk_wiz_0/inst/mmcm_adv_inst/CLKOUT0
                         net (fo=1, routed)           1.581    -3.086    BD_i/clk_wiz_0/inst/clk_out1_BD_clk_wiz_0_0
    BUFGCTRL_X0Y1        BUFG (Prop_bufg_I_O)         0.091    -2.995 r  BD_i/clk_wiz_0/inst/clkout1_buf/O
                         net (fo=551, routed)         1.435    -1.561    BD_i/axis_dual_i2s_0/inst/tx_fifo/xpm_fifo_base_inst/gen_cdc_pntr.rd_pntr_cdc_inst/src_clk
    SLICE_X9Y86          FDRE                                         r  BD_i/axis_dual_i2s_0/inst/tx_fifo/xpm_fifo_base_inst/gen_cdc_pntr.rd_pntr_cdc_inst/src_gray_ff_reg[0]/C
  -------------------------------------------------------------------    -------------------
    SLICE_X9Y86          FDRE (Prop_fdre_C_Q)         0.367    -1.194 r  BD_i/axis_dual_i2s_0/inst/tx_fifo/xpm_fifo_base_inst/gen_cdc_pntr.rd_pntr_cdc_inst/src_gray_ff_reg[0]/Q
                         net (fo=1, routed)           0.257    -0.937    BD_i/axis_dual_i2s_0/inst/tx_fifo/xpm_fifo_base_inst/gen_cdc_pntr.rd_pntr_cdc_inst/async_path[0]
    SLICE_X8Y85          FDRE                                         r  BD_i/axis_dual_i2s_0/inst/tx_fifo/xpm_fifo_base_inst/gen_cdc_pntr.rd_pntr_cdc_inst/dest_graysync_ff_reg[0][0]/D
  -------------------------------------------------------------------    -------------------

                         (clock clk_out2_BD_clk_wiz_0_0 rise edge)
                                                      0.000     0.000 r  
    W5                                                0.000     0.000 r  sys_clock (IN)
                         net (fo=0)                   0.000     0.000    BD_i/clk_wiz_0/inst/clk_in1
    W5                   IBUF (Prop_ibuf_I_O)         1.458     1.458 r  BD_i/clk_wiz_0/inst/clkin1_ibufg/O
                         net (fo=1, routed)           1.233     2.691    BD_i/clk_wiz_0/inst/clk_in1_BD_clk_wiz_0_0
    MMCME2_ADV_X1Y0      MMCME2_ADV (Prop_mmcme2_adv_CLKIN1_CLKOUT1)
                                                     -6.961    -4.269 r  BD_i/clk_wiz_0/inst/mmcm_adv_inst/CLKOUT1
                         net (fo=1, routed)           1.661    -2.608    BD_i/clk_wiz_0/inst/clk_out2_BD_clk_wiz_0_0
    BUFGCTRL_X0Y0        BUFG (Prop_bufg_I_O)         0.096    -2.512 r  BD_i/clk_wiz_0/inst/clkout2_buf/O
                         net (fo=404, routed)         1.552    -0.960    BD_i/axis_dual_i2s_0/inst/tx_fifo/xpm_fifo_base_inst/gen_cdc_pntr.rd_pntr_cdc_inst/dest_clk
    SLICE_X8Y85          FDRE                                         r  BD_i/axis_dual_i2s_0/inst/tx_fifo/xpm_fifo_base_inst/gen_cdc_pntr.rd_pntr_cdc_inst/dest_graysync_ff_reg[0][0]/C
                         clock pessimism             -0.398    -1.358    
    SLICE_X8Y85          FDRE (Hold_fdre_C_D)         0.230    -1.128    BD_i/axis_dual_i2s_0/inst/tx_fifo/xpm_fifo_base_inst/gen_cdc_pntr.rd_pntr_cdc_inst/dest_graysync_ff_reg[0][0]
  -------------------------------------------------------------------
                         data arrival                          -0.937    
                         clock arrival                         -1.128    
  -------------------------------------------------------------------
                         relative delay                         0.192    



Id: 2
set_bus_skew -from [get_cells [list {BD_i/axis_dual_i2s_0/inst/rx_fifo/xpm_fifo_base_inst/gen_cdc_pntr.wr_pntr_cdc_inst/src_gray_ff_reg[0]} {BD_i/axis_dual_i2s_0/inst/rx_fifo/xpm_fifo_base_inst/gen_cdc_pntr.wr_pntr_cdc_inst/src_gray_ff_reg[1]} {BD_i/axis_dual_i2s_0/inst/rx_fifo/xpm_fifo_base_inst/gen_cdc_pntr.wr_pntr_cdc_inst/src_gray_ff_reg[2]} {BD_i/axis_dual_i2s_0/inst/rx_fifo/xpm_fifo_base_inst/gen_cdc_pntr.wr_pntr_cdc_inst/src_gray_ff_reg[3]} {BD_i/axis_dual_i2s_0/inst/rx_fifo/xpm_fifo_base_inst/gen_cdc_pntr.wr_pntr_cdc_inst/src_gray_ff_reg[4]} {BD_i/axis_dual_i2s_0/inst/rx_fifo/xpm_fifo_base_inst/gen_cdc_pntr.wr_pntr_cdc_inst/src_gray_ff_reg[5]} {BD_i/axis_dual_i2s_0/inst/rx_fifo/xpm_fifo_base_inst/gen_cdc_pntr.wr_pntr_cdc_inst/src_gray_ff_reg[6]} {BD_i/axis_dual_i2s_0/inst/rx_fifo/xpm_fifo_base_inst/gen_cdc_pntr.wr_pntr_cdc_inst/src_gray_ff_reg[7]} {BD_i/axis_dual_i2s_0/inst/rx_fifo/xpm_fifo_base_inst/gen_cdc_pntr.wr_pntr_cdc_inst/src_gray_ff_reg[8]} {BD_i/axis_dual_i2s_0/inst/rx_fifo/xpm_fifo_base_inst/gen_cdc_pntr.wr_pntr_cdc_inst/src_gray_ff_reg[9]}]] -to [get_cells [list {BD_i/axis_dual_i2s_0/inst/rx_fifo/xpm_fifo_base_inst/gen_cdc_pntr.wr_pntr_cdc_inst/dest_graysync_ff_reg[0][0]} {BD_i/axis_dual_i2s_0/inst/rx_fifo/xpm_fifo_base_inst/gen_cdc_pntr.wr_pntr_cdc_inst/dest_graysync_ff_reg[0][1]} {BD_i/axis_dual_i2s_0/inst/rx_fifo/xpm_fifo_base_inst/gen_cdc_pntr.wr_pntr_cdc_inst/dest_graysync_ff_reg[0][2]} {BD_i/axis_dual_i2s_0/inst/rx_fifo/xpm_fifo_base_inst/gen_cdc_pntr.wr_pntr_cdc_inst/dest_graysync_ff_reg[0][3]} {BD_i/axis_dual_i2s_0/inst/rx_fifo/xpm_fifo_base_inst/gen_cdc_pntr.wr_pntr_cdc_inst/dest_graysync_ff_reg[0][4]} {BD_i/axis_dual_i2s_0/inst/rx_fifo/xpm_fifo_base_inst/gen_cdc_pntr.wr_pntr_cdc_inst/dest_graysync_ff_reg[0][5]} {BD_i/axis_dual_i2s_0/inst/rx_fifo/xpm_fifo_base_inst/gen_cdc_pntr.wr_pntr_cdc_inst/dest_graysync_ff_reg[0][6]} {BD_i/axis_dual_i2s_0/inst/rx_fifo/xpm_fifo_base_inst/gen_cdc_pntr.wr_pntr_cdc_inst/dest_graysync_ff_reg[0][7]} {BD_i/axis_dual_i2s_0/inst/rx_fifo/xpm_fifo_base_inst/gen_cdc_pntr.wr_pntr_cdc_inst/dest_graysync_ff_reg[0][8]} {BD_i/axis_dual_i2s_0/inst/rx_fifo/xpm_fifo_base_inst/gen_cdc_pntr.wr_pntr_cdc_inst/dest_graysync_ff_reg[0][9]}]] 5.000
Requirement: 5.000ns
Endpoints: 10

From Clock            To Clock              Endpoint Pin                    Reference Pin                   Corner  Actual(ns)  Slack(ns)
--------------------  --------------------  ------------------------------  ------------------------------  ------  ----------  ---------
clk_out1_BD_clk_wiz_0_0
                      clk_out2_BD_clk_wiz_0_0
                                            BD_i/axis_dual_i2s_0/inst/rx_fifo/xpm_fifo_base_inst/gen_cdc_pntr.wr_pntr_cdc_inst/dest_graysync_ff_reg[0][7]/D
                                                                            BD_i/axis_dual_i2s_0/inst/rx_fifo/xpm_fifo_base_inst/gen_cdc_pntr.wr_pntr_cdc_inst/dest_graysync_ff_reg[0][4]/D
                                                                                                            Slow         1.347      3.653


Slack (MET) :             3.653ns  (requirement - actual skew)
  Endpoint Source:        BD_i/axis_dual_i2s_0/inst/rx_fifo/xpm_fifo_base_inst/gen_cdc_pntr.wr_pntr_cdc_inst/src_gray_ff_reg[7]/C
                            (rising edge-triggered cell FDRE clocked by clk_out1_BD_clk_wiz_0_0)
  Endpoint Destination:   BD_i/axis_dual_i2s_0/inst/rx_fifo/xpm_fifo_base_inst/gen_cdc_pntr.wr_pntr_cdc_inst/dest_graysync_ff_reg[0][7]/D
                            (rising edge-triggered cell FDRE clocked by clk_out2_BD_clk_wiz_0_0)
  Reference Source:       BD_i/axis_dual_i2s_0/inst/rx_fifo/xpm_fifo_base_inst/gen_cdc_pntr.wr_pntr_cdc_inst/src_gray_ff_reg[4]/C
                            (rising edge-triggered cell FDRE clocked by clk_out1_BD_clk_wiz_0_0)
  Reference Destination:  BD_i/axis_dual_i2s_0/inst/rx_fifo/xpm_fifo_base_inst/gen_cdc_pntr.wr_pntr_cdc_inst/dest_graysync_ff_reg[0][4]/D
                            (rising edge-triggered cell FDRE clocked by clk_out2_BD_clk_wiz_0_0)
  Path Type:              Bus Skew (Max at Slow Process Corner)
  Requirement:            5.000ns
  Endpoint Relative Delay:    1.708ns
  Reference Relative Delay:   0.169ns
  Relative CRPR:              0.419ns
  Uncertainty:                0.227ns
  Actual Bus Skew:            1.347ns  (Endpoint Relative Delay - Reference Relative Delay - Relative CRPR + Uncertainty)

Endpoint path:
    Location             Delay type                Incr(ns)  Path(ns)    Netlist Resource(s)
  -------------------------------------------------------------------    -------------------
                         (clock clk_out1_BD_clk_wiz_0_0 rise edge)
                                                      0.000     0.000 r  
    W5                                                0.000     0.000 r  sys_clock (IN)
                         net (fo=0)                   0.000     0.000    BD_i/clk_wiz_0/inst/clk_in1
    W5                   IBUF (Prop_ibuf_I_O)         1.458     1.458 r  BD_i/clk_wiz_0/inst/clkin1_ibufg/O
                         net (fo=1, routed)           1.233     2.691    BD_i/clk_wiz_0/inst/clk_in1_BD_clk_wiz_0_0
    MMCME2_ADV_X1Y0      MMCME2_ADV (Prop_mmcme2_adv_CLKIN1_CLKOUT0)
                                                     -6.961    -4.269 r  BD_i/clk_wiz_0/inst/mmcm_adv_inst/CLKOUT0
                         net (fo=1, routed)           1.661    -2.608    BD_i/clk_wiz_0/inst/clk_out1_BD_clk_wiz_0_0
    BUFGCTRL_X0Y1        BUFG (Prop_bufg_I_O)         0.096    -2.512 r  BD_i/clk_wiz_0/inst/clkout1_buf/O
                         net (fo=551, routed)         1.733    -0.779    BD_i/axis_dual_i2s_0/inst/rx_fifo/xpm_fifo_base_inst/gen_cdc_pntr.wr_pntr_cdc_inst/src_clk
    SLICE_X8Y115         FDRE                                         r  BD_i/axis_dual_i2s_0/inst/rx_fifo/xpm_fifo_base_inst/gen_cdc_pntr.wr_pntr_cdc_inst/src_gray_ff_reg[7]/C
  -------------------------------------------------------------------    -------------------
    SLICE_X8Y115         FDRE (Prop_fdre_C_Q)         0.478    -0.301 r  BD_i/axis_dual_i2s_0/inst/rx_fifo/xpm_fifo_base_inst/gen_cdc_pntr.wr_pntr_cdc_inst/src_gray_ff_reg[7]/Q
                         net (fo=1, routed)           0.753     0.453    BD_i/axis_dual_i2s_0/inst/rx_fifo/xpm_fifo_base_inst/gen_cdc_pntr.wr_pntr_cdc_inst/async_path[7]
    SLICE_X9Y115         FDRE                                         r  BD_i/axis_dual_i2s_0/inst/rx_fifo/xpm_fifo_base_inst/gen_cdc_pntr.wr_pntr_cdc_inst/dest_graysync_ff_reg[0][7]/D
  -------------------------------------------------------------------    -------------------

                         (clock clk_out2_BD_clk_wiz_0_0 rise edge)
                                                      0.000     0.000 r  
    W5                                                0.000     0.000 r  sys_clock (IN)
                         net (fo=0)                   0.000     0.000    BD_i/clk_wiz_0/inst/clk_in1
    W5                   IBUF (Prop_ibuf_I_O)         1.388     1.388 r  BD_i/clk_wiz_0/inst/clkin1_ibufg/O
                         net (fo=1, routed)           1.162     2.550    BD_i/clk_wiz_0/inst/clk_in1_BD_clk_wiz_0_0
    MMCME2_ADV_X1Y0      MMCME2_ADV (Prop_mmcme2_adv_CLKIN1_CLKOUT1)
                                                     -7.217    -4.668 r  BD_i/clk_wiz_0/inst/mmcm_adv_inst/CLKOUT1
                         net (fo=1, routed)           1.581    -3.086    BD_i/clk_wiz_0/inst/clk_out2_BD_clk_wiz_0_0
    BUFGCTRL_X0Y0        BUFG (Prop_bufg_I_O)         0.091    -2.995 r  BD_i/clk_wiz_0/inst/clkout2_buf/O
                         net (fo=404, routed)         1.609    -1.386    BD_i/axis_dual_i2s_0/inst/rx_fifo/xpm_fifo_base_inst/gen_cdc_pntr.wr_pntr_cdc_inst/dest_clk
    SLICE_X9Y115         FDRE                                         r  BD_i/axis_dual_i2s_0/inst/rx_fifo/xpm_fifo_base_inst/gen_cdc_pntr.wr_pntr_cdc_inst/dest_graysync_ff_reg[0][7]/C
                         clock pessimism              0.398    -0.988    
    SLICE_X9Y115         FDRE (Setup_fdre_C_D)       -0.267    -1.255    BD_i/axis_dual_i2s_0/inst/rx_fifo/xpm_fifo_base_inst/gen_cdc_pntr.wr_pntr_cdc_inst/dest_graysync_ff_reg[0][7]
  -------------------------------------------------------------------
                         data arrival                           0.453    
                         clock arrival                         -1.255    
  -------------------------------------------------------------------
                         relative delay                         1.708    

Reference path:
    Location             Delay type                Incr(ns)  Path(ns)    Netlist Resource(s)
  -------------------------------------------------------------------    -------------------
                         (clock clk_out1_BD_clk_wiz_0_0 rise edge)
                                                      0.000     0.000 r  
    W5                                                0.000     0.000 r  sys_clock (IN)
                         net (fo=0)                   0.000     0.000    BD_i/clk_wiz_0/inst/clk_in1
    W5                   IBUF (Prop_ibuf_I_O)         1.388     1.388 r  BD_i/clk_wiz_0/inst/clkin1_ibufg/O
                         net (fo=1, routed)           1.162     2.550    BD_i/clk_wiz_0/inst/clk_in1_BD_clk_wiz_0_0
    MMCME2_ADV_X1Y0      MMCME2_ADV (Prop_mmcme2_adv_CLKIN1_CLKOUT0)
                                                     -7.217    -4.668 r  BD_i/clk_wiz_0/inst/mmcm_adv_inst/CLKOUT0
                         net (fo=1, routed)           1.581    -3.086    BD_i/clk_wiz_0/inst/clk_out1_BD_clk_wiz_0_0
    BUFGCTRL_X0Y1        BUFG (Prop_bufg_I_O)         0.091    -2.995 r  BD_i/clk_wiz_0/inst/clkout1_buf/O
                         net (fo=551, routed)         1.609    -1.386    BD_i/axis_dual_i2s_0/inst/rx_fifo/xpm_fifo_base_inst/gen_cdc_pntr.wr_pntr_cdc_inst/src_clk
    SLICE_X8Y115         FDRE                                         r  BD_i/axis_dual_i2s_0/inst/rx_fifo/xpm_fifo_base_inst/gen_cdc_pntr.wr_pntr_cdc_inst/src_gray_ff_reg[4]/C
  -------------------------------------------------------------------    -------------------
    SLICE_X8Y115         FDRE (Prop_fdre_C_Q)         0.418    -0.968 r  BD_i/axis_dual_i2s_0/inst/rx_fifo/xpm_fifo_base_inst/gen_cdc_pntr.wr_pntr_cdc_inst/src_gray_ff_reg[4]/Q
                         net (fo=1, routed)           0.129    -0.839    BD_i/axis_dual_i2s_0/inst/rx_fifo/xpm_fifo_base_inst/gen_cdc_pntr.wr_pntr_cdc_inst/async_path[4]
    SLICE_X9Y115         FDRE                                         r  BD_i/axis_dual_i2s_0/inst/rx_fifo/xpm_fifo_base_inst/gen_cdc_pntr.wr_pntr_cdc_inst/dest_graysync_ff_reg[0][4]/D
  -------------------------------------------------------------------    -------------------

                         (clock clk_out2_BD_clk_wiz_0_0 rise edge)
                                                      0.000     0.000 r  
    W5                                                0.000     0.000 r  sys_clock (IN)
                         net (fo=0)                   0.000     0.000    BD_i/clk_wiz_0/inst/clk_in1
    W5                   IBUF (Prop_ibuf_I_O)         1.458     1.458 r  BD_i/clk_wiz_0/inst/clkin1_ibufg/O
                         net (fo=1, routed)           1.233     2.691    BD_i/clk_wiz_0/inst/clk_in1_BD_clk_wiz_0_0
    MMCME2_ADV_X1Y0      MMCME2_ADV (Prop_mmcme2_adv_CLKIN1_CLKOUT1)
                                                     -6.961    -4.269 r  BD_i/clk_wiz_0/inst/mmcm_adv_inst/CLKOUT1
                         net (fo=1, routed)           1.661    -2.608    BD_i/clk_wiz_0/inst/clk_out2_BD_clk_wiz_0_0
    BUFGCTRL_X0Y0        BUFG (Prop_bufg_I_O)         0.096    -2.512 r  BD_i/clk_wiz_0/inst/clkout2_buf/O
                         net (fo=404, routed)         1.733    -0.779    BD_i/axis_dual_i2s_0/inst/rx_fifo/xpm_fifo_base_inst/gen_cdc_pntr.wr_pntr_cdc_inst/dest_clk
    SLICE_X9Y115         FDRE                                         r  BD_i/axis_dual_i2s_0/inst/rx_fifo/xpm_fifo_base_inst/gen_cdc_pntr.wr_pntr_cdc_inst/dest_graysync_ff_reg[0][4]/C
                         clock pessimism             -0.398    -1.177    
    SLICE_X9Y115         FDRE (Hold_fdre_C_D)         0.169    -1.008    BD_i/axis_dual_i2s_0/inst/rx_fifo/xpm_fifo_base_inst/gen_cdc_pntr.wr_pntr_cdc_inst/dest_graysync_ff_reg[0][4]
  -------------------------------------------------------------------
                         data arrival                          -0.839    
                         clock arrival                         -1.008    
  -------------------------------------------------------------------
                         relative delay                         0.169    



Id: 3
set_bus_skew -from [get_cells [list {BD_i/axis_dual_i2s_0/inst/rx_fifo/xpm_fifo_base_inst/gen_cdc_pntr.rd_pntr_cdc_inst/src_gray_ff_reg[0]} {BD_i/axis_dual_i2s_0/inst/rx_fifo/xpm_fifo_base_inst/gen_cdc_pntr.rd_pntr_cdc_inst/src_gray_ff_reg[1]} {BD_i/axis_dual_i2s_0/inst/rx_fifo/xpm_fifo_base_inst/gen_cdc_pntr.rd_pntr_cdc_inst/src_gray_ff_reg[2]} {BD_i/axis_dual_i2s_0/inst/rx_fifo/xpm_fifo_base_inst/gen_cdc_pntr.rd_pntr_cdc_inst/src_gray_ff_reg[3]} {BD_i/axis_dual_i2s_0/inst/rx_fifo/xpm_fifo_base_inst/gen_cdc_pntr.rd_pntr_cdc_inst/src_gray_ff_reg[4]} {BD_i/axis_dual_i2s_0/inst/rx_fifo/xpm_fifo_base_inst/gen_cdc_pntr.rd_pntr_cdc_inst/src_gray_ff_reg[5]} {BD_i/axis_dual_i2s_0/inst/rx_fifo/xpm_fifo_base_inst/gen_cdc_pntr.rd_pntr_cdc_inst/src_gray_ff_reg[6]} {BD_i/axis_dual_i2s_0/inst/rx_fifo/xpm_fifo_base_inst/gen_cdc_pntr.rd_pntr_cdc_inst/src_gray_ff_reg[7]} {BD_i/axis_dual_i2s_0/inst/rx_fifo/xpm_fifo_base_inst/gen_cdc_pntr.rd_pntr_cdc_inst/src_gray_ff_reg[8]} {BD_i/axis_dual_i2s_0/inst/rx_fifo/xpm_fifo_base_inst/gen_cdc_pntr.rd_pntr_cdc_inst/src_gray_ff_reg[9]}]] -to [get_cells [list {BD_i/axis_dual_i2s_0/inst/rx_fifo/xpm_fifo_base_inst/gen_cdc_pntr.rd_pntr_cdc_inst/dest_graysync_ff_reg[0][0]} {BD_i/axis_dual_i2s_0/inst/rx_fifo/xpm_fifo_base_inst/gen_cdc_pntr.rd_pntr_cdc_inst/dest_graysync_ff_reg[0][1]} {BD_i/axis_dual_i2s_0/inst/rx_fifo/xpm_fifo_base_inst/gen_cdc_pntr.rd_pntr_cdc_inst/dest_graysync_ff_reg[0][2]} {BD_i/axis_dual_i2s_0/inst/rx_fifo/xpm_fifo_base_inst/gen_cdc_pntr.rd_pntr_cdc_inst/dest_graysync_ff_reg[0][3]} {BD_i/axis_dual_i2s_0/inst/rx_fifo/xpm_fifo_base_inst/gen_cdc_pntr.rd_pntr_cdc_inst/dest_graysync_ff_reg[0][4]} {BD_i/axis_dual_i2s_0/inst/rx_fifo/xpm_fifo_base_inst/gen_cdc_pntr.rd_pntr_cdc_inst/dest_graysync_ff_reg[0][5]} {BD_i/axis_dual_i2s_0/inst/rx_fifo/xpm_fifo_base_inst/gen_cdc_pntr.rd_pntr_cdc_inst/dest_graysync_ff_reg[0][6]} {BD_i/axis_dual_i2s_0/inst/rx_fifo/xpm_fifo_base_inst/gen_cdc_pntr.rd_pntr_cdc_inst/dest_graysync_ff_reg[0][7]} {BD_i/axis_dual_i2s_0/inst/rx_fifo/xpm_fifo_base_inst/gen_cdc_pntr.rd_pntr_cdc_inst/dest_graysync_ff_reg[0][8]} {BD_i/axis_dual_i2s_0/inst/rx_fifo/xpm_fifo_base_inst/gen_cdc_pntr.rd_pntr_cdc_inst/dest_graysync_ff_reg[0][9]}]] 5.000
Requirement: 5.000ns
Endpoints: 10

From Clock            To Clock              Endpoint Pin                    Reference Pin                   Corner  Actual(ns)  Slack(ns)
--------------------  --------------------  ------------------------------  ------------------------------  ------  ----------  ---------
clk_out2_BD_clk_wiz_0_0
                      clk_out1_BD_clk_wiz_0_0
                                            BD_i/axis_dual_i2s_0/inst/rx_fifo/xpm_fifo_base_inst/gen_cdc_pntr.rd_pntr_cdc_inst/dest_graysync_ff_reg[0][1]/D
                                                                            BD_i/axis_dual_i2s_0/inst/rx_fifo/xpm_fifo_base_inst/gen_cdc_pntr.rd_pntr_cdc_inst/dest_graysync_ff_reg[0][6]/D
                                                                                                            Slow         1.005      3.995


Slack (MET) :             3.995ns  (requirement - actual skew)
  Endpoint Source:        BD_i/axis_dual_i2s_0/inst/rx_fifo/xpm_fifo_base_inst/gen_cdc_pntr.rd_pntr_cdc_inst/src_gray_ff_reg[1]/C
                            (rising edge-triggered cell FDRE clocked by clk_out2_BD_clk_wiz_0_0)
  Endpoint Destination:   BD_i/axis_dual_i2s_0/inst/rx_fifo/xpm_fifo_base_inst/gen_cdc_pntr.rd_pntr_cdc_inst/dest_graysync_ff_reg[0][1]/D
                            (rising edge-triggered cell FDRE clocked by clk_out1_BD_clk_wiz_0_0)
  Reference Source:       BD_i/axis_dual_i2s_0/inst/rx_fifo/xpm_fifo_base_inst/gen_cdc_pntr.rd_pntr_cdc_inst/src_gray_ff_reg[6]/C
                            (rising edge-triggered cell FDRE clocked by clk_out2_BD_clk_wiz_0_0)
  Reference Destination:  BD_i/axis_dual_i2s_0/inst/rx_fifo/xpm_fifo_base_inst/gen_cdc_pntr.rd_pntr_cdc_inst/dest_graysync_ff_reg[0][6]/D
                            (rising edge-triggered cell FDRE clocked by clk_out1_BD_clk_wiz_0_0)
  Path Type:              Bus Skew (Max at Slow Process Corner)
  Requirement:            5.000ns
  Endpoint Relative Delay:    1.411ns
  Reference Relative Delay:   0.236ns
  Relative CRPR:              0.397ns
  Uncertainty:                0.227ns
  Actual Bus Skew:            1.005ns  (Endpoint Relative Delay - Reference Relative Delay - Relative CRPR + Uncertainty)

Endpoint path:
    Location             Delay type                Incr(ns)  Path(ns)    Netlist Resource(s)
  -------------------------------------------------------------------    -------------------
                         (clock clk_out2_BD_clk_wiz_0_0 rise edge)
                                                      0.000     0.000 r  
    W5                                                0.000     0.000 r  sys_clock (IN)
                         net (fo=0)                   0.000     0.000    BD_i/clk_wiz_0/inst/clk_in1
    W5                   IBUF (Prop_ibuf_I_O)         1.458     1.458 r  BD_i/clk_wiz_0/inst/clkin1_ibufg/O
                         net (fo=1, routed)           1.233     2.691    BD_i/clk_wiz_0/inst/clk_in1_BD_clk_wiz_0_0
    MMCME2_ADV_X1Y0      MMCME2_ADV (Prop_mmcme2_adv_CLKIN1_CLKOUT1)
                                                     -6.961    -4.269 r  BD_i/clk_wiz_0/inst/mmcm_adv_inst/CLKOUT1
                         net (fo=1, routed)           1.661    -2.608    BD_i/clk_wiz_0/inst/clk_out2_BD_clk_wiz_0_0
    BUFGCTRL_X0Y0        BUFG (Prop_bufg_I_O)         0.096    -2.512 r  BD_i/clk_wiz_0/inst/clkout2_buf/O
                         net (fo=404, routed)         1.803    -0.709    BD_i/axis_dual_i2s_0/inst/rx_fifo/xpm_fifo_base_inst/gen_cdc_pntr.rd_pntr_cdc_inst/src_clk
    SLICE_X6Y114         FDRE                                         r  BD_i/axis_dual_i2s_0/inst/rx_fifo/xpm_fifo_base_inst/gen_cdc_pntr.rd_pntr_cdc_inst/src_gray_ff_reg[1]/C
  -------------------------------------------------------------------    -------------------
    SLICE_X6Y114         FDRE (Prop_fdre_C_Q)         0.478    -0.231 r  BD_i/axis_dual_i2s_0/inst/rx_fifo/xpm_fifo_base_inst/gen_cdc_pntr.rd_pntr_cdc_inst/src_gray_ff_reg[1]/Q
                         net (fo=1, routed)           0.449     0.218    BD_i/axis_dual_i2s_0/inst/rx_fifo/xpm_fifo_base_inst/gen_cdc_pntr.rd_pntr_cdc_inst/async_path[1]
    SLICE_X5Y117         FDRE                                         r  BD_i/axis_dual_i2s_0/inst/rx_fifo/xpm_fifo_base_inst/gen_cdc_pntr.rd_pntr_cdc_inst/dest_graysync_ff_reg[0][1]/D
  -------------------------------------------------------------------    -------------------

                         (clock clk_out1_BD_clk_wiz_0_0 rise edge)
                                                      0.000     0.000 r  
    W5                                                0.000     0.000 r  sys_clock (IN)
                         net (fo=0)                   0.000     0.000    BD_i/clk_wiz_0/inst/clk_in1
    W5                   IBUF (Prop_ibuf_I_O)         1.388     1.388 r  BD_i/clk_wiz_0/inst/clkin1_ibufg/O
                         net (fo=1, routed)           1.162     2.550    BD_i/clk_wiz_0/inst/clk_in1_BD_clk_wiz_0_0
    MMCME2_ADV_X1Y0      MMCME2_ADV (Prop_mmcme2_adv_CLKIN1_CLKOUT0)
                                                     -7.217    -4.668 r  BD_i/clk_wiz_0/inst/mmcm_adv_inst/CLKOUT0
                         net (fo=1, routed)           1.581    -3.086    BD_i/clk_wiz_0/inst/clk_out1_BD_clk_wiz_0_0
    BUFGCTRL_X0Y1        BUFG (Prop_bufg_I_O)         0.091    -2.995 r  BD_i/clk_wiz_0/inst/clkout1_buf/O
                         net (fo=551, routed)         1.674    -1.321    BD_i/axis_dual_i2s_0/inst/rx_fifo/xpm_fifo_base_inst/gen_cdc_pntr.rd_pntr_cdc_inst/dest_clk
    SLICE_X5Y117         FDRE                                         r  BD_i/axis_dual_i2s_0/inst/rx_fifo/xpm_fifo_base_inst/gen_cdc_pntr.rd_pntr_cdc_inst/dest_graysync_ff_reg[0][1]/C
                         clock pessimism              0.398    -0.923    
    SLICE_X5Y117         FDRE (Setup_fdre_C_D)       -0.270    -1.193    BD_i/axis_dual_i2s_0/inst/rx_fifo/xpm_fifo_base_inst/gen_cdc_pntr.rd_pntr_cdc_inst/dest_graysync_ff_reg[0][1]
  -------------------------------------------------------------------
                         data arrival                           0.218    
                         clock arrival                         -1.193    
  -------------------------------------------------------------------
                         relative delay                         1.411    

Reference path:
    Location             Delay type                Incr(ns)  Path(ns)    Netlist Resource(s)
  -------------------------------------------------------------------    -------------------
                         (clock clk_out2_BD_clk_wiz_0_0 rise edge)
                                                      0.000     0.000 r  
    W5                                                0.000     0.000 r  sys_clock (IN)
                         net (fo=0)                   0.000     0.000    BD_i/clk_wiz_0/inst/clk_in1
    W5                   IBUF (Prop_ibuf_I_O)         1.388     1.388 r  BD_i/clk_wiz_0/inst/clkin1_ibufg/O
                         net (fo=1, routed)           1.162     2.550    BD_i/clk_wiz_0/inst/clk_in1_BD_clk_wiz_0_0
    MMCME2_ADV_X1Y0      MMCME2_ADV (Prop_mmcme2_adv_CLKIN1_CLKOUT1)
                                                     -7.217    -4.668 r  BD_i/clk_wiz_0/inst/mmcm_adv_inst/CLKOUT1
                         net (fo=1, routed)           1.581    -3.086    BD_i/clk_wiz_0/inst/clk_out2_BD_clk_wiz_0_0
    BUFGCTRL_X0Y0        BUFG (Prop_bufg_I_O)         0.091    -2.995 r  BD_i/clk_wiz_0/inst/clkout2_buf/O
                         net (fo=404, routed)         1.676    -1.319    BD_i/axis_dual_i2s_0/inst/rx_fifo/xpm_fifo_base_inst/gen_cdc_pntr.rd_pntr_cdc_inst/src_clk
    SLICE_X5Y115         FDRE                                         r  BD_i/axis_dual_i2s_0/inst/rx_fifo/xpm_fifo_base_inst/gen_cdc_pntr.rd_pntr_cdc_inst/src_gray_ff_reg[6]/C
  -------------------------------------------------------------------    -------------------
    SLICE_X5Y115         FDRE (Prop_fdre_C_Q)         0.367    -0.952 r  BD_i/axis_dual_i2s_0/inst/rx_fifo/xpm_fifo_base_inst/gen_cdc_pntr.rd_pntr_cdc_inst/src_gray_ff_reg[6]/Q
                         net (fo=1, routed)           0.248    -0.704    BD_i/axis_dual_i2s_0/inst/rx_fifo/xpm_fifo_base_inst/gen_cdc_pntr.rd_pntr_cdc_inst/async_path[6]
    SLICE_X5Y117         FDRE                                         r  BD_i/axis_dual_i2s_0/inst/rx_fifo/xpm_fifo_base_inst/gen_cdc_pntr.rd_pntr_cdc_inst/dest_graysync_ff_reg[0][6]/D
  -------------------------------------------------------------------    -------------------

                         (clock clk_out1_BD_clk_wiz_0_0 rise edge)
                                                      0.000     0.000 r  
    W5                                                0.000     0.000 r  sys_clock (IN)
                         net (fo=0)                   0.000     0.000    BD_i/clk_wiz_0/inst/clk_in1
    W5                   IBUF (Prop_ibuf_I_O)         1.458     1.458 r  BD_i/clk_wiz_0/inst/clkin1_ibufg/O
                         net (fo=1, routed)           1.233     2.691    BD_i/clk_wiz_0/inst/clk_in1_BD_clk_wiz_0_0
    MMCME2_ADV_X1Y0      MMCME2_ADV (Prop_mmcme2_adv_CLKIN1_CLKOUT0)
                                                     -6.961    -4.269 r  BD_i/clk_wiz_0/inst/mmcm_adv_inst/CLKOUT0
                         net (fo=1, routed)           1.661    -2.608    BD_i/clk_wiz_0/inst/clk_out1_BD_clk_wiz_0_0
    BUFGCTRL_X0Y1        BUFG (Prop_bufg_I_O)         0.096    -2.512 r  BD_i/clk_wiz_0/inst/clkout1_buf/O
                         net (fo=551, routed)         1.799    -0.713    BD_i/axis_dual_i2s_0/inst/rx_fifo/xpm_fifo_base_inst/gen_cdc_pntr.rd_pntr_cdc_inst/dest_clk
    SLICE_X5Y117         FDRE                                         r  BD_i/axis_dual_i2s_0/inst/rx_fifo/xpm_fifo_base_inst/gen_cdc_pntr.rd_pntr_cdc_inst/dest_graysync_ff_reg[0][6]/C
                         clock pessimism             -0.398    -1.111    
    SLICE_X5Y117         FDRE (Hold_fdre_C_D)         0.171    -0.940    BD_i/axis_dual_i2s_0/inst/rx_fifo/xpm_fifo_base_inst/gen_cdc_pntr.rd_pntr_cdc_inst/dest_graysync_ff_reg[0][6]
  -------------------------------------------------------------------
                         data arrival                          -0.704    
                         clock arrival                         -0.940    
  -------------------------------------------------------------------
                         relative delay                         0.236    



Id: 4
set_bus_skew -from [get_cells [list {BD_i/axis_dual_i2s_0/inst/tx_fifo/xpm_fifo_base_inst/gen_cdc_pntr.wr_pntr_cdc_inst/src_gray_ff_reg[0]} {BD_i/axis_dual_i2s_0/inst/tx_fifo/xpm_fifo_base_inst/gen_cdc_pntr.wr_pntr_cdc_inst/src_gray_ff_reg[1]} {BD_i/axis_dual_i2s_0/inst/tx_fifo/xpm_fifo_base_inst/gen_cdc_pntr.wr_pntr_cdc_inst/src_gray_ff_reg[2]} {BD_i/axis_dual_i2s_0/inst/tx_fifo/xpm_fifo_base_inst/gen_cdc_pntr.wr_pntr_cdc_inst/src_gray_ff_reg[3]} {BD_i/axis_dual_i2s_0/inst/tx_fifo/xpm_fifo_base_inst/gen_cdc_pntr.wr_pntr_cdc_inst/src_gray_ff_reg[4]} {BD_i/axis_dual_i2s_0/inst/tx_fifo/xpm_fifo_base_inst/gen_cdc_pntr.wr_pntr_cdc_inst/src_gray_ff_reg[5]} {BD_i/axis_dual_i2s_0/inst/tx_fifo/xpm_fifo_base_inst/gen_cdc_pntr.wr_pntr_cdc_inst/src_gray_ff_reg[6]} {BD_i/axis_dual_i2s_0/inst/tx_fifo/xpm_fifo_base_inst/gen_cdc_pntr.wr_pntr_cdc_inst/src_gray_ff_reg[7]} {BD_i/axis_dual_i2s_0/inst/tx_fifo/xpm_fifo_base_inst/gen_cdc_pntr.wr_pntr_cdc_inst/src_gray_ff_reg[8]} {BD_i/axis_dual_i2s_0/inst/tx_fifo/xpm_fifo_base_inst/gen_cdc_pntr.wr_pntr_cdc_inst/src_gray_ff_reg[9]}]] -to [get_cells [list {BD_i/axis_dual_i2s_0/inst/tx_fifo/xpm_fifo_base_inst/gen_cdc_pntr.wr_pntr_cdc_inst/dest_graysync_ff_reg[0][0]} {BD_i/axis_dual_i2s_0/inst/tx_fifo/xpm_fifo_base_inst/gen_cdc_pntr.wr_pntr_cdc_inst/dest_graysync_ff_reg[0][1]} {BD_i/axis_dual_i2s_0/inst/tx_fifo/xpm_fifo_base_inst/gen_cdc_pntr.wr_pntr_cdc_inst/dest_graysync_ff_reg[0][2]} {BD_i/axis_dual_i2s_0/inst/tx_fifo/xpm_fifo_base_inst/gen_cdc_pntr.wr_pntr_cdc_inst/dest_graysync_ff_reg[0][3]} {BD_i/axis_dual_i2s_0/inst/tx_fifo/xpm_fifo_base_inst/gen_cdc_pntr.wr_pntr_cdc_inst/dest_graysync_ff_reg[0][4]} {BD_i/axis_dual_i2s_0/inst/tx_fifo/xpm_fifo_base_inst/gen_cdc_pntr.wr_pntr_cdc_inst/dest_graysync_ff_reg[0][5]} {BD_i/axis_dual_i2s_0/inst/tx_fifo/xpm_fifo_base_inst/gen_cdc_pntr.wr_pntr_cdc_inst/dest_graysync_ff_reg[0][6]} {BD_i/axis_dual_i2s_0/inst/tx_fifo/xpm_fifo_base_inst/gen_cdc_pntr.wr_pntr_cdc_inst/dest_graysync_ff_reg[0][7]} {BD_i/axis_dual_i2s_0/inst/tx_fifo/xpm_fifo_base_inst/gen_cdc_pntr.wr_pntr_cdc_inst/dest_graysync_ff_reg[0][8]} {BD_i/axis_dual_i2s_0/inst/tx_fifo/xpm_fifo_base_inst/gen_cdc_pntr.wr_pntr_cdc_inst/dest_graysync_ff_reg[0][9]}]] 5.000
Requirement: 5.000ns
Endpoints: 10

From Clock            To Clock              Endpoint Pin                    Reference Pin                   Corner  Actual(ns)  Slack(ns)
--------------------  --------------------  ------------------------------  ------------------------------  ------  ----------  ---------
clk_out2_BD_clk_wiz_0_0
                      clk_out1_BD_clk_wiz_0_0
                                            BD_i/axis_dual_i2s_0/inst/tx_fifo/xpm_fifo_base_inst/gen_cdc_pntr.wr_pntr_cdc_inst/dest_graysync_ff_reg[0][5]/D
                                                                            BD_i/axis_dual_i2s_0/inst/tx_fifo/xpm_fifo_base_inst/gen_cdc_pntr.wr_pntr_cdc_inst/dest_graysync_ff_reg[0][2]/D
                                                                                                            Slow         1.206      3.794


Slack (MET) :             3.794ns  (requirement - actual skew)
  Endpoint Source:        BD_i/axis_dual_i2s_0/inst/tx_fifo/xpm_fifo_base_inst/gen_cdc_pntr.wr_pntr_cdc_inst/src_gray_ff_reg[5]/C
                            (rising edge-triggered cell FDRE clocked by clk_out2_BD_clk_wiz_0_0)
  Endpoint Destination:   BD_i/axis_dual_i2s_0/inst/tx_fifo/xpm_fifo_base_inst/gen_cdc_pntr.wr_pntr_cdc_inst/dest_graysync_ff_reg[0][5]/D
                            (rising edge-triggered cell FDRE clocked by clk_out1_BD_clk_wiz_0_0)
  Reference Source:       BD_i/axis_dual_i2s_0/inst/tx_fifo/xpm_fifo_base_inst/gen_cdc_pntr.wr_pntr_cdc_inst/src_gray_ff_reg[2]/C
                            (rising edge-triggered cell FDRE clocked by clk_out2_BD_clk_wiz_0_0)
  Reference Destination:  BD_i/axis_dual_i2s_0/inst/tx_fifo/xpm_fifo_base_inst/gen_cdc_pntr.wr_pntr_cdc_inst/dest_graysync_ff_reg[0][2]/D
                            (rising edge-triggered cell FDRE clocked by clk_out1_BD_clk_wiz_0_0)
  Path Type:              Bus Skew (Max at Slow Process Corner)
  Requirement:            5.000ns
  Endpoint Relative Delay:    1.584ns
  Reference Relative Delay:   0.240ns
  Relative CRPR:              0.365ns
  Uncertainty:                0.227ns
  Actual Bus Skew:            1.206ns  (Endpoint Relative Delay - Reference Relative Delay - Relative CRPR + Uncertainty)

Endpoint path:
    Location             Delay type                Incr(ns)  Path(ns)    Netlist Resource(s)
  -------------------------------------------------------------------    -------------------
                         (clock clk_out2_BD_clk_wiz_0_0 rise edge)
                                                      0.000     0.000 r  
    W5                                                0.000     0.000 r  sys_clock (IN)
                         net (fo=0)                   0.000     0.000    BD_i/clk_wiz_0/inst/clk_in1
    W5                   IBUF (Prop_ibuf_I_O)         1.458     1.458 r  BD_i/clk_wiz_0/inst/clkin1_ibufg/O
                         net (fo=1, routed)           1.233     2.691    BD_i/clk_wiz_0/inst/clk_in1_BD_clk_wiz_0_0
    MMCME2_ADV_X1Y0      MMCME2_ADV (Prop_mmcme2_adv_CLKIN1_CLKOUT1)
                                                     -6.961    -4.269 r  BD_i/clk_wiz_0/inst/mmcm_adv_inst/CLKOUT1
                         net (fo=1, routed)           1.661    -2.608    BD_i/clk_wiz_0/inst/clk_out2_BD_clk_wiz_0_0
    BUFGCTRL_X0Y0        BUFG (Prop_bufg_I_O)         0.096    -2.512 r  BD_i/clk_wiz_0/inst/clkout2_buf/O
                         net (fo=404, routed)         1.622    -0.890    BD_i/axis_dual_i2s_0/inst/tx_fifo/xpm_fifo_base_inst/gen_cdc_pntr.wr_pntr_cdc_inst/src_clk
    SLICE_X7Y91          FDRE                                         r  BD_i/axis_dual_i2s_0/inst/tx_fifo/xpm_fifo_base_inst/gen_cdc_pntr.wr_pntr_cdc_inst/src_gray_ff_reg[5]/C
  -------------------------------------------------------------------    -------------------
    SLICE_X7Y91          FDRE (Prop_fdre_C_Q)         0.419    -0.471 r  BD_i/axis_dual_i2s_0/inst/tx_fifo/xpm_fifo_base_inst/gen_cdc_pntr.wr_pntr_cdc_inst/src_gray_ff_reg[5]/Q
                         net (fo=1, routed)           0.679     0.208    BD_i/axis_dual_i2s_0/inst/tx_fifo/xpm_fifo_base_inst/gen_cdc_pntr.wr_pntr_cdc_inst/async_path[5]
    SLICE_X8Y91          FDRE                                         r  BD_i/axis_dual_i2s_0/inst/tx_fifo/xpm_fifo_base_inst/gen_cdc_pntr.wr_pntr_cdc_inst/dest_graysync_ff_reg[0][5]/D
  -------------------------------------------------------------------    -------------------

                         (clock clk_out1_BD_clk_wiz_0_0 rise edge)
                                                      0.000     0.000 r  
    W5                                                0.000     0.000 r  sys_clock (IN)
                         net (fo=0)                   0.000     0.000    BD_i/clk_wiz_0/inst/clk_in1
    W5                   IBUF (Prop_ibuf_I_O)         1.388     1.388 r  BD_i/clk_wiz_0/inst/clkin1_ibufg/O
                         net (fo=1, routed)           1.162     2.550    BD_i/clk_wiz_0/inst/clk_in1_BD_clk_wiz_0_0
    MMCME2_ADV_X1Y0      MMCME2_ADV (Prop_mmcme2_adv_CLKIN1_CLKOUT0)
                                                     -7.217    -4.668 r  BD_i/clk_wiz_0/inst/mmcm_adv_inst/CLKOUT0
                         net (fo=1, routed)           1.581    -3.086    BD_i/clk_wiz_0/inst/clk_out1_BD_clk_wiz_0_0
    BUFGCTRL_X0Y1        BUFG (Prop_bufg_I_O)         0.091    -2.995 r  BD_i/clk_wiz_0/inst/clkout1_buf/O
                         net (fo=551, routed)         1.439    -1.557    BD_i/axis_dual_i2s_0/inst/tx_fifo/xpm_fifo_base_inst/gen_cdc_pntr.wr_pntr_cdc_inst/dest_clk
    SLICE_X8Y91          FDRE                                         r  BD_i/axis_dual_i2s_0/inst/tx_fifo/xpm_fifo_base_inst/gen_cdc_pntr.wr_pntr_cdc_inst/dest_graysync_ff_reg[0][5]/C
                         clock pessimism              0.398    -1.159    
    SLICE_X8Y91          FDRE (Setup_fdre_C_D)       -0.218    -1.377    BD_i/axis_dual_i2s_0/inst/tx_fifo/xpm_fifo_base_inst/gen_cdc_pntr.wr_pntr_cdc_inst/dest_graysync_ff_reg[0][5]
  -------------------------------------------------------------------
                         data arrival                           0.208    
                         clock arrival                         -1.377    
  -------------------------------------------------------------------
                         relative delay                         1.584    

Reference path:
    Location             Delay type                Incr(ns)  Path(ns)    Netlist Resource(s)
  -------------------------------------------------------------------    -------------------
                         (clock clk_out2_BD_clk_wiz_0_0 rise edge)
                                                      0.000     0.000 r  
    W5                                                0.000     0.000 r  sys_clock (IN)
                         net (fo=0)                   0.000     0.000    BD_i/clk_wiz_0/inst/clk_in1
    W5                   IBUF (Prop_ibuf_I_O)         1.388     1.388 r  BD_i/clk_wiz_0/inst/clkin1_ibufg/O
                         net (fo=1, routed)           1.162     2.550    BD_i/clk_wiz_0/inst/clk_in1_BD_clk_wiz_0_0
    MMCME2_ADV_X1Y0      MMCME2_ADV (Prop_mmcme2_adv_CLKIN1_CLKOUT1)
                                                     -7.217    -4.668 r  BD_i/clk_wiz_0/inst/mmcm_adv_inst/CLKOUT1
                         net (fo=1, routed)           1.581    -3.086    BD_i/clk_wiz_0/inst/clk_out2_BD_clk_wiz_0_0
    BUFGCTRL_X0Y0        BUFG (Prop_bufg_I_O)         0.091    -2.995 r  BD_i/clk_wiz_0/inst/clkout2_buf/O
                         net (fo=404, routed)         1.506    -1.490    BD_i/axis_dual_i2s_0/inst/tx_fifo/xpm_fifo_base_inst/gen_cdc_pntr.wr_pntr_cdc_inst/src_clk
    SLICE_X7Y91          FDRE                                         r  BD_i/axis_dual_i2s_0/inst/tx_fifo/xpm_fifo_base_inst/gen_cdc_pntr.wr_pntr_cdc_inst/src_gray_ff_reg[2]/C
  -------------------------------------------------------------------    -------------------
    SLICE_X7Y91          FDRE (Prop_fdre_C_Q)         0.367    -1.123 r  BD_i/axis_dual_i2s_0/inst/tx_fifo/xpm_fifo_base_inst/gen_cdc_pntr.wr_pntr_cdc_inst/src_gray_ff_reg[2]/Q
                         net (fo=1, routed)           0.243    -0.880    BD_i/axis_dual_i2s_0/inst/tx_fifo/xpm_fifo_base_inst/gen_cdc_pntr.wr_pntr_cdc_inst/async_path[2]
    SLICE_X7Y90          FDRE                                         r  BD_i/axis_dual_i2s_0/inst/tx_fifo/xpm_fifo_base_inst/gen_cdc_pntr.wr_pntr_cdc_inst/dest_graysync_ff_reg[0][2]/D
  -------------------------------------------------------------------    -------------------

                         (clock clk_out1_BD_clk_wiz_0_0 rise edge)
                                                      0.000     0.000 r  
    W5                                                0.000     0.000 r  sys_clock (IN)
                         net (fo=0)                   0.000     0.000    BD_i/clk_wiz_0/inst/clk_in1
    W5                   IBUF (Prop_ibuf_I_O)         1.458     1.458 r  BD_i/clk_wiz_0/inst/clkin1_ibufg/O
                         net (fo=1, routed)           1.233     2.691    BD_i/clk_wiz_0/inst/clk_in1_BD_clk_wiz_0_0
    MMCME2_ADV_X1Y0      MMCME2_ADV (Prop_mmcme2_adv_CLKIN1_CLKOUT0)
                                                     -6.961    -4.269 r  BD_i/clk_wiz_0/inst/mmcm_adv_inst/CLKOUT0
                         net (fo=1, routed)           1.661    -2.608    BD_i/clk_wiz_0/inst/clk_out1_BD_clk_wiz_0_0
    BUFGCTRL_X0Y1        BUFG (Prop_bufg_I_O)         0.096    -2.512 r  BD_i/clk_wiz_0/inst/clkout1_buf/O
                         net (fo=551, routed)         1.621    -0.891    BD_i/axis_dual_i2s_0/inst/tx_fifo/xpm_fifo_base_inst/gen_cdc_pntr.wr_pntr_cdc_inst/dest_clk
    SLICE_X7Y90          FDRE                                         r  BD_i/axis_dual_i2s_0/inst/tx_fifo/xpm_fifo_base_inst/gen_cdc_pntr.wr_pntr_cdc_inst/dest_graysync_ff_reg[0][2]/C
                         clock pessimism             -0.398    -1.289    
    SLICE_X7Y90          FDRE (Hold_fdre_C_D)         0.170    -1.119    BD_i/axis_dual_i2s_0/inst/tx_fifo/xpm_fifo_base_inst/gen_cdc_pntr.wr_pntr_cdc_inst/dest_graysync_ff_reg[0][2]
  -------------------------------------------------------------------
                         data arrival                          -0.880    
                         clock arrival                         -1.119    
  -------------------------------------------------------------------
                         relative delay                         0.240    



